\BOOKMARK [1][-]{section.1}{\376\377\000D\000a\000t\000a\000s\000e\000t\000\040\000a\000n\000d\000\040\000P\000r\000e\000p\000a\000r\000a\000t\000i\000o\000n}{}% 1
\BOOKMARK [2][-]{subsection.1.1}{\376\377\000D\000a\000t\000a\000\040\000S\000p\000l\000i\000t\000t\000i\000n\000g\000\040\000a\000n\000d\000\040\000R\000a\000n\000d\000o\000m\000\040\000S\000e\000e\000d}{section.1}% 2
\BOOKMARK [2][-]{subsection.1.2}{\376\377\000F\000e\000a\000t\000u\000r\000e\000\040\000P\000r\000e\000p\000r\000o\000c\000e\000s\000s\000i\000n\000g\000\040\000a\000n\000d\000\040\000S\000e\000l\000e\000c\000t\000i\000o\000n}{section.1}% 3
\BOOKMARK [2][-]{subsection.1.3}{\376\377\000H\000a\000n\000d\000l\000i\000n\000g\000\040\000C\000l\000a\000s\000s\000\040\000I\000m\000b\000a\000l\000a\000n\000c\000e}{section.1}% 4
\BOOKMARK [1][-]{section.2}{\376\377\000I\000m\000p\000l\000e\000m\000e\000n\000t\000a\000t\000i\000o\000n\000\040\000D\000e\000t\000a\000i\000l\000s}{}% 5
\BOOKMARK [2][-]{subsection.2.1}{\376\377\000K\000-\000N\000e\000a\000r\000e\000s\000t\000\040\000N\000e\000i\000g\000h\000b\000o\000r\000s\000\040\000\050\000K\000N\000N\000\051}{section.2}% 6
\BOOKMARK [2][-]{subsection.2.2}{\376\377\000S\000o\000f\000t\000m\000a\000x\000\040\000R\000e\000g\000r\000e\000s\000s\000i\000o\000n}{section.2}% 7
\BOOKMARK [2][-]{subsection.2.3}{\376\377\000C\000u\000s\000t\000o\000m\000\040\000F\000e\000e\000d\000f\000o\000r\000w\000a\000r\000d\000\040\000N\000e\000u\000r\000a\000l\000\040\000N\000e\000t\000w\000o\000r\000k\000\040\000\050\000F\000N\000N\000\051}{section.2}% 8
\BOOKMARK [1][-]{section.3}{\376\377\000E\000v\000a\000l\000u\000a\000t\000i\000o\000n}{}% 9
\BOOKMARK [2][-]{subsection.3.1}{\376\377\000M\000e\000t\000r\000i\000c\000\040\000J\000u\000s\000t\000i\000f\000i\000c\000a\000t\000i\000o\000n}{section.3}% 10
\BOOKMARK [2][-]{subsection.3.2}{\376\377\000R\000e\000s\000u\000l\000t\000s\000\040\000S\000u\000m\000m\000a\000r\000y}{section.3}% 11
\BOOKMARK [2][-]{subsection.3.3}{\376\377\000C\000o\000n\000f\000u\000s\000i\000o\000n\000\040\000M\000a\000t\000r\000i\000c\000e\000s}{section.3}% 12
\BOOKMARK [3][-]{subsubsection.3.3.1}{\376\377\000K\000-\000N\000e\000a\000r\000e\000s\000t\000\040\000N\000e\000i\000g\000h\000b\000o\000r\000s\000\040\000\050\000K\000N\000N\000\051}{subsection.3.3}% 13
\BOOKMARK [3][-]{subsubsection.3.3.2}{\376\377\000S\000o\000f\000t\000m\000a\000x\000\040\000R\000e\000g\000r\000e\000s\000s\000i\000o\000n}{subsection.3.3}% 14
\BOOKMARK [3][-]{subsubsection.3.3.3}{\376\377\000F\000e\000e\000d\000f\000o\000r\000w\000a\000r\000d\000\040\000N\000e\000u\000r\000a\000l\000\040\000N\000e\000t\000w\000o\000r\000k\000\040\000\050\000F\000N\000N\000\051}{subsection.3.3}% 15
\BOOKMARK [1][-]{section.4}{\376\377\000A\000n\000a\000l\000y\000s\000i\000s\000\040\000a\000n\000d\000\040\000C\000o\000m\000p\000a\000r\000i\000s\000o\000n}{}% 16
\BOOKMARK [2][-]{subsection.4.1}{\376\377\000M\000o\000d\000e\000l\000\040\000C\000o\000m\000p\000a\000r\000i\000s\000o\000n}{section.4}% 17
\BOOKMARK [2][-]{subsection.4.2}{\376\377\000I\000m\000p\000a\000c\000t\000\040\000o\000f\000\040\000I\000m\000b\000a\000l\000a\000n\000c\000e\000\040\000H\000a\000n\000d\000l\000i\000n\000g}{section.4}% 18
\BOOKMARK [2][-]{subsection.4.3}{\376\377\000I\000n\000s\000i\000g\000h\000t\000s\000\040\000a\000n\000d\000\040\000M\000i\000s\000c\000l\000a\000s\000s\000i\000f\000i\000c\000a\000t\000i\000o\000n\000\040\000P\000a\000t\000t\000e\000r\000n\000s}{section.4}% 19
\BOOKMARK [1][-]{section.5}{\376\377\000B\000o\000n\000u\000s\000:\000\040\000T\000e\000n\000s\000o\000r\000B\000o\000a\000r\000d\000\040\000M\000o\000n\000i\000t\000o\000r\000i\000n\000g}{}% 20
